Determining if the pthread_create exist failed with the following output:
Change Dir: /home/peter/Documents/Imperial/Individual_Project/CODE/IMAGE_SEGMENTATION/Kalman_Camshift/Circ_buf/CMakeFiles/CMakeTmp

Run Build Command:"/usr/bin/make" "cmTC_03d24/fast"
/usr/bin/make -f CMakeFiles/cmTC_03d24.dir/build.make CMakeFiles/cmTC_03d24.dir/build
make[1]: Entering directory '/home/peter/Documents/Imperial/Individual_Project/CODE/IMAGE_SEGMENTATION/Kalman_Camshift/Circ_buf/CMakeFiles/CMakeTmp'
Building C object CMakeFiles/cmTC_03d24.dir/CheckSymbolExists.c.o
/usr/bin/cc     -o CMakeFiles/cmTC_03d24.dir/CheckSymbolExists.c.o   -c /home/peter/Documents/Imperial/Individual_Project/CODE/IMAGE_SEGMENTATION/Kalman_Camshift/Circ_buf/CMakeFiles/CMakeTmp/CheckSymbolExists.c
Linking C executable cmTC_03d24
/usr/bin/cmake -E cmake_link_script CMakeFiles/cmTC_03d24.dir/link.txt --verbose=1
/usr/bin/cc       CMakeFiles/cmTC_03d24.dir/CheckSymbolExists.c.o  -o cmTC_03d24 -rdynamic 
CMakeFiles/cmTC_03d24.dir/CheckSymbolExists.c.o: In function `main':
CheckSymbolExists.c:(.text+0x16): undefined reference to `pthread_create'
collect2: error: ld returned 1 exit status
CMakeFiles/cmTC_03d24.dir/build.make:97: recipe for target 'cmTC_03d24' failed
make[1]: *** [cmTC_03d24] Error 1
make[1]: Leaving directory '/home/peter/Documents/Imperial/Individual_Project/CODE/IMAGE_SEGMENTATION/Kalman_Camshift/Circ_buf/CMakeFiles/CMakeTmp'
Makefile:126: recipe for target 'cmTC_03d24/fast' failed
make: *** [cmTC_03d24/fast] Error 2

File /home/peter/Documents/Imperial/Individual_Project/CODE/IMAGE_SEGMENTATION/Kalman_Camshift/Circ_buf/CMakeFiles/CMakeTmp/CheckSymbolExists.c:
/* */
#include <pthread.h>

int main(int argc, char** argv)
{
  (void)argv;
#ifndef pthread_create
  return ((int*)(&pthread_create))[argc];
#else
  (void)argc;
  return 0;
#endif
}

